<?xml version="1.0" encoding="UTF-8"?>
<testng-results ignored="0" total="6" passed="6" failed="0" skipped="0">
  <reporter-output>
  </reporter-output>
  <suite started-at="2022-11-02T01:07:22 CAT" name="Default suite" finished-at="2022-11-02T01:10:57 CAT" duration-ms="214750">
    <groups>
    </groups>
    <test started-at="2022-11-02T01:07:22 CAT" name="Default test" finished-at="2022-11-02T01:10:57 CAT" duration-ms="214750">
      <class name="test.java.searchForAnItemTest">
        <test-method is-config="true" signature="setup()[pri:0, instance:test.java.searchForAnItemTest@7fee8714]" started-at="2022-11-02T01:07:22 CAT" name="setup" finished-at="2022-11-02T01:07:22 CAT" duration-ms="13" status="PASS">
          <reporter-output>
          </reporter-output>
        </test-method> <!-- setup -->
        <test-method signature="TC1Test()[pri:0, instance:test.java.searchForAnItemTest@7fee8714]" started-at="2022-11-02T01:07:22 CAT" name="TC1Test" finished-at="2022-11-02T01:07:44 CAT" duration-ms="21831" status="PASS">
          <reporter-output>
          </reporter-output>
        </test-method> <!-- TC1Test -->
        <test-method is-config="true" signature="teardown()[pri:0, instance:test.java.searchForAnItemTest@7fee8714]" started-at="2022-11-02T01:07:44 CAT" name="teardown" finished-at="2022-11-02T01:07:45 CAT" duration-ms="1260" status="PASS">
          <reporter-output>
          </reporter-output>
        </test-method> <!-- teardown -->
        <test-method signature="TC2Test()[pri:0, instance:test.java.searchForAnItemTest@7fee8714]" started-at="2022-11-02T01:07:45 CAT" name="TC2Test" finished-at="2022-11-02T01:08:14 CAT" duration-ms="28774" status="PASS">
          <reporter-output>
          </reporter-output>
        </test-method> <!-- TC2Test -->
        <test-method is-config="true" signature="setup()[pri:0, instance:test.java.searchForAnItemTest@7fee8714]" started-at="2022-11-02T01:07:45 CAT" name="setup" finished-at="2022-11-02T01:07:45 CAT" duration-ms="0" status="PASS">
          <reporter-output>
          </reporter-output>
        </test-method> <!-- setup -->
        <test-method is-config="true" signature="teardown()[pri:0, instance:test.java.searchForAnItemTest@7fee8714]" started-at="2022-11-02T01:08:14 CAT" name="teardown" finished-at="2022-11-02T01:08:15 CAT" duration-ms="1040" status="PASS">
          <reporter-output>
          </reporter-output>
        </test-method> <!-- teardown -->
        <test-method is-config="true" signature="setup()[pri:0, instance:test.java.searchForAnItemTest@7fee8714]" started-at="2022-11-02T01:08:15 CAT" name="setup" finished-at="2022-11-02T01:08:15 CAT" duration-ms="0" status="PASS">
          <reporter-output>
          </reporter-output>
        </test-method> <!-- setup -->
        <test-method signature="TC3Test()[pri:0, instance:test.java.searchForAnItemTest@7fee8714]" started-at="2022-11-02T01:08:15 CAT" name="TC3Test" finished-at="2022-11-02T01:08:39 CAT" duration-ms="24573" status="PASS">
          <reporter-output>
          </reporter-output>
        </test-method> <!-- TC3Test -->
        <test-method is-config="true" signature="teardown()[pri:0, instance:test.java.searchForAnItemTest@7fee8714]" started-at="2022-11-02T01:08:39 CAT" name="teardown" finished-at="2022-11-02T01:08:41 CAT" duration-ms="1043" status="PASS">
          <reporter-output>
          </reporter-output>
        </test-method> <!-- teardown -->
        <test-method signature="TC4Test()[pri:0, instance:test.java.searchForAnItemTest@7fee8714]" started-at="2022-11-02T01:08:41 CAT" name="TC4Test" finished-at="2022-11-02T01:08:58 CAT" duration-ms="17634" status="PASS">
          <reporter-output>
          </reporter-output>
        </test-method> <!-- TC4Test -->
        <test-method is-config="true" signature="setup()[pri:0, instance:test.java.searchForAnItemTest@7fee8714]" started-at="2022-11-02T01:08:41 CAT" name="setup" finished-at="2022-11-02T01:08:41 CAT" duration-ms="0" status="PASS">
          <reporter-output>
          </reporter-output>
        </test-method> <!-- setup -->
        <test-method is-config="true" signature="teardown()[pri:0, instance:test.java.searchForAnItemTest@7fee8714]" started-at="2022-11-02T01:08:58 CAT" name="teardown" finished-at="2022-11-02T01:08:59 CAT" duration-ms="1073" status="PASS">
          <reporter-output>
          </reporter-output>
        </test-method> <!-- teardown -->
        <test-method is-config="true" signature="setup()[pri:0, instance:test.java.searchForAnItemTest@7fee8714]" started-at="2022-11-02T01:08:59 CAT" name="setup" finished-at="2022-11-02T01:08:59 CAT" duration-ms="1" status="PASS">
          <reporter-output>
          </reporter-output>
        </test-method> <!-- setup -->
        <test-method signature="TC5Test()[pri:0, instance:test.java.searchForAnItemTest@7fee8714]" started-at="2022-11-02T01:08:59 CAT" name="TC5Test" finished-at="2022-11-02T01:10:34 CAT" duration-ms="94909" status="PASS">
          <reporter-output>
          </reporter-output>
        </test-method> <!-- TC5Test -->
        <test-method is-config="true" signature="teardown()[pri:0, instance:test.java.searchForAnItemTest@7fee8714]" started-at="2022-11-02T01:10:34 CAT" name="teardown" finished-at="2022-11-02T01:10:35 CAT" duration-ms="1112" status="PASS">
          <reporter-output>
          </reporter-output>
        </test-method> <!-- teardown -->
        <test-method signature="TC6Test()[pri:0, instance:test.java.searchForAnItemTest@7fee8714]" started-at="2022-11-02T01:10:35 CAT" name="TC6Test" finished-at="2022-11-02T01:10:56 CAT" duration-ms="20394" status="PASS">
          <reporter-output>
          </reporter-output>
        </test-method> <!-- TC6Test -->
        <test-method is-config="true" signature="setup()[pri:0, instance:test.java.searchForAnItemTest@7fee8714]" started-at="2022-11-02T01:10:35 CAT" name="setup" finished-at="2022-11-02T01:10:35 CAT" duration-ms="0" status="PASS">
          <reporter-output>
          </reporter-output>
        </test-method> <!-- setup -->
        <test-method is-config="true" signature="teardown()[pri:0, instance:test.java.searchForAnItemTest@7fee8714]" started-at="2022-11-02T01:10:56 CAT" name="teardown" finished-at="2022-11-02T01:10:57 CAT" duration-ms="1041" status="PASS">
          <reporter-output>
          </reporter-output>
        </test-method> <!-- teardown -->
      </class> <!-- test.java.searchForAnItemTest -->
    </test> <!-- Default test -->
  </suite> <!-- Default suite -->
</testng-results>
