<?xml version="1.0" encoding="UTF-8"?>
<!-- Generated by org.testng.reporters.JUnitXMLReporter -->
<testsuite ignored="0" hostname="ST-NBXPS09" failures="0" tests="6" name="Default test" time="214.75" errors="0" timestamp="2022-11-02T01:10:57 CAT">
  <testcase classname="test.java.searchForAnItemTest" name="TC1Test" time="21.831"/>
  <testcase classname="test.java.searchForAnItemTest" name="TC2Test" time="28.774"/>
  <testcase classname="test.java.searchForAnItemTest" name="TC3Test" time="24.573"/>
  <testcase classname="test.java.searchForAnItemTest" name="TC4Test" time="17.634"/>
  <testcase classname="test.java.searchForAnItemTest" name="TC5Test" time="94.909"/>
  <testcase classname="test.java.searchForAnItemTest" name="TC6Test" time="20.394"/>
</testsuite> <!-- Default test -->
